[06-01 10:34:37]: [INFO] Created column 'regdate' and set the current timestamp, 1780310077439, to all 0 rows
[06-01 10:34:37]: [INFO] SQLite Setup finished
[06-01 10:34:37]: [INFO] No supported permissions system found! Permissions are disabled!
[06-01 10:34:38]: [INFO] 
    ___         __  __    __  ___   
   /   | __  __/ /_/ /_  /  |/  /__ 
  / /| |/ / / / __/ __ \/ /|_/ / _ \
 / ___ / /_/ / /_/ / / / /  / /  __/
/_/  |_\__,_/\__/_/ /_/_/  /_/\___/ 
                                    
[06-01 10:34:38]: [INFO] AuthMeReReloaded is running on Paper
[06-01 10:34:38]: [INFO] AuthMeReReloaded is enabled successfully!
[06-01 10:34:38]: [INFO] GitHub: https://github.com/HaHaWTH/AuthMeReReloaded/
[06-01 10:34:38]: [INFO] Checking for updates...
[06-01 10:34:40]: [INFO] You are running the latest version.
[06-01 10:34:54]: [INFO] AuthMe 5.7.0-FORK-b53 is unloaded successfully!
[06-01 10:37:37]: [INFO] SQLite Setup finished
[06-01 10:37:37]: [INFO] No supported permissions system found! Permissions are disabled!
[06-01 10:37:38]: [INFO] 
    ___         __  __    __  ___   
   /   | __  __/ /_/ /_  /  |/  /__ 
  / /| |/ / / / __/ __ \/ /|_/ / _ \
 / ___ / /_/ / /_/ / / / /  / /  __/
/_/  |_\__,_/\__/_/ /_/_/  /_/\___/ 
                                    
[06-01 10:37:38]: [INFO] AuthMeReReloaded is running on Paper
[06-01 10:37:38]: [INFO] AuthMeReReloaded is enabled successfully!
[06-01 10:37:38]: [INFO] GitHub: https://github.com/HaHaWTH/AuthMeReReloaded/
[06-01 10:37:38]: [INFO] Checking for updates...
[06-01 10:37:39]: [INFO] You are running the latest version.
[06-01 10:37:50]: [INFO] AuthMe 5.7.0-FORK-b53 is unloaded successfully!
[06-01 10:47:26]: [INFO] SQLite Setup finished
[06-01 10:47:26]: [INFO] No supported permissions system found! Permissions are disabled!
[06-01 10:47:27]: [INFO] 
    ___         __  __    __  ___   
   /   | __  __/ /_/ /_  /  |/  /__ 
  / /| |/ / / / __/ __ \/ /|_/ / _ \
 / ___ / /_/ / /_/ / / / /  / /  __/
/_/  |_\__,_/\__/_/ /_/_/  /_/\___/ 
                                    
[06-01 10:47:27]: [INFO] AuthMeReReloaded is running on Paper
[06-01 10:47:27]: [INFO] AuthMeReReloaded is enabled successfully!
[06-01 10:47:27]: [INFO] GitHub: https://github.com/HaHaWTH/AuthMeReReloaded/
[06-01 10:47:27]: [INFO] Checking for updates...
[06-01 10:47:29]: [INFO] You are running the latest version.
[06-01 10:50:12]: [INFO] AuthMe 5.7.0-FORK-b53 is unloaded successfully!
[06-01 10:51:58]: [INFO] SQLite Setup finished
[06-01 10:51:58]: [INFO] No supported permissions system found! Permissions are disabled!
[06-01 10:51:59]: [INFO] 
    ___         __  __    __  ___   
   /   | __  __/ /_/ /_  /  |/  /__ 
  / /| |/ / / / __/ __ \/ /|_/ / _ \
 / ___ / /_/ / /_/ / / / /  / /  __/
/_/  |_\__,_/\__/_/ /_/_/  /_/\___/ 
                                    
[06-01 10:51:59]: [INFO] AuthMeReReloaded is running on Paper
[06-01 10:51:59]: [INFO] AuthMeReReloaded is enabled successfully!
[06-01 10:51:59]: [INFO] GitHub: https://github.com/HaHaWTH/AuthMeReReloaded/
[06-01 10:51:59]: [INFO] Checking for updates...
[06-01 10:52:02]: [INFO] You are running the latest version.
[06-01 10:52:24]: [INFO] AuthMe 5.7.0-FORK-b53 is unloaded successfully!
[06-01 11:28:24]: [INFO] SQLite Setup finished
[06-01 11:28:24]: [INFO] No supported permissions system found! Permissions are disabled!
[06-01 11:28:25]: [INFO] 
    ___         __  __    __  ___   
   /   | __  __/ /_/ /_  /  |/  /__ 
  / /| |/ / / / __/ __ \/ /|_/ / _ \
 / ___ / /_/ / /_/ / / / /  / /  __/
/_/  |_\__,_/\__/_/ /_/_/  /_/\___/ 
                                    
[06-01 11:28:25]: [INFO] AuthMeReReloaded is running on Paper
[06-01 11:28:25]: [INFO] AuthMeReReloaded is enabled successfully!
[06-01 11:28:25]: [INFO] GitHub: https://github.com/HaHaWTH/AuthMeReReloaded/
[06-01 11:28:25]: [INFO] Checking for updates...
[06-01 11:28:28]: [INFO] You are running the latest version.
[06-01 11:29:39]: [INFO:FINE] shubhugamer registered 127.0.0.1
[06-01 11:29:39]: [INFO:FINE] shubhugamer logged in 127.0.0.1
[06-01 11:37:53]: [INFO] AuthMe 5.7.0-FORK-b53 is unloaded successfully!
[06-01 11:39:06]: [INFO] SQLite Setup finished
[06-01 11:39:06]: [INFO] No supported permissions system found! Permissions are disabled!
[06-01 11:39:07]: [INFO] 
    ___         __  __    __  ___   
   /   | __  __/ /_/ /_  /  |/  /__ 
  / /| |/ / / / __/ __ \/ /|_/ / _ \
 / ___ / /_/ / /_/ / / / /  / /  __/
/_/  |_\__,_/\__/_/ /_/_/  /_/\___/ 
                                    
[06-01 11:39:07]: [INFO] AuthMeReReloaded is running on Paper
[06-01 11:39:07]: [INFO] AuthMeReReloaded is enabled successfully!
[06-01 11:39:07]: [INFO] GitHub: https://github.com/HaHaWTH/AuthMeReReloaded/
[06-01 11:39:07]: [INFO] Checking for updates...
[06-01 11:39:08]: [INFO] You are running the latest version.
[06-01 11:39:28]: [INFO] AuthMe 5.7.0-FORK-b53 is unloaded successfully!
[06-01 11:55:42]: [INFO] SQLite Setup finished
[06-01 11:55:42]: [INFO] No supported permissions system found! Permissions are disabled!
[06-01 11:55:42]: [INFO] 
    ___         __  __    __  ___   
   /   | __  __/ /_/ /_  /  |/  /__ 
  / /| |/ / / / __/ __ \/ /|_/ / _ \
 / ___ / /_/ / /_/ / / / /  / /  __/
/_/  |_\__,_/\__/_/ /_/_/  /_/\___/ 
                                    
[06-01 11:55:42]: [INFO] AuthMeReReloaded is running on Paper
[06-01 11:55:42]: [INFO] AuthMeReReloaded is enabled successfully!
[06-01 11:55:42]: [INFO] GitHub: https://github.com/HaHaWTH/AuthMeReReloaded/
[06-01 11:55:42]: [INFO] Checking for updates...
[06-01 11:55:44]: [INFO] You are running the latest version.
[06-01 11:58:23]: [INFO:FINE] shubhugamer logged in 127.0.0.1
[06-01 12:02:33]: [INFO:FINE] Victor_Schneizel registered 127.0.0.1
[06-01 12:02:33]: [INFO:FINE] Victor_Schneizel logged in 127.0.0.1
[06-01 12:05:52]: [INFO:FINE] shubhugamer logged in 127.0.0.1
[06-01 12:22:01]: [INFO:FINE] shubhugamer logged in 127.0.0.1
[06-01 12:31:15]: [INFO:FINE] shubhugamer logged in 127.0.0.1
[06-01 12:34:42]: [INFO:FINE] shubhugamer logged in 127.0.0.1
[06-01 13:00:05]: [INFO:FINE] Victor_Schneizel logged in 127.0.0.1
[06-01 13:05:57]: [INFO:FINE] Victor_Schneizel logged in 127.0.0.1
[06-02 05:38:15]: [INFO] SQLite Setup finished
[06-02 05:38:15]: [INFO] No supported permissions system found! Permissions are disabled!
[06-02 05:38:15]: [INFO] 
    ___         __  __    __  ___   
   /   | __  __/ /_/ /_  /  |/  /__ 
  / /| |/ / / / __/ __ \/ /|_/ / _ \
 / ___ / /_/ / /_/ / / / /  / /  __/
/_/  |_\__,_/\__/_/ /_/_/  /_/\___/ 
                                    
[06-02 05:38:15]: [INFO] AuthMeReReloaded is running on Paper
[06-02 05:38:15]: [INFO] AuthMeReReloaded is enabled successfully!
[06-02 05:38:15]: [INFO] GitHub: https://github.com/HaHaWTH/AuthMeReReloaded/
[06-02 05:38:15]: [INFO] Checking for updates...
[06-02 05:38:18]: [INFO] You are running the latest version.
[06-02 05:42:19]: [INFO:FINE] ADMIN_lp registered 127.0.0.1
[06-02 05:42:19]: [INFO:FINE] ADMIN_lp logged in 127.0.0.1
[06-02 05:46:15]: [INFO] AuthMe 5.7.0-FORK-b53 is unloaded successfully!
[06-02 07:30:46]: [INFO] SQLite Setup finished
[06-02 07:30:46]: [INFO] No supported permissions system found! Permissions are disabled!
[06-02 07:30:47]: [INFO] 
    ___         __  __    __  ___   
   /   | __  __/ /_/ /_  /  |/  /__ 
  / /| |/ / / / __/ __ \/ /|_/ / _ \
 / ___ / /_/ / /_/ / / / /  / /  __/
/_/  |_\__,_/\__/_/ /_/_/  /_/\___/ 
                                    
[06-02 07:30:47]: [INFO] AuthMeReReloaded is running on Paper
[06-02 07:30:47]: [INFO] AuthMeReReloaded is enabled successfully!
[06-02 07:30:47]: [INFO] GitHub: https://github.com/HaHaWTH/AuthMeReReloaded/
[06-02 07:30:47]: [INFO] Checking for updates...
[06-02 07:30:49]: [INFO] You are running the latest version.
[06-02 07:32:39]: [INFO:FINE] shubhugamer logged in 127.0.0.1
[06-02 07:33:11]: [INFO:FINE] Victor_Schneizel logged in 127.0.0.1
[06-02 08:02:37]: [INFO:FINE] Victor_Schneizel logged in 127.0.0.1
[06-02 08:06:51]: [INFO:FINE] Victor_Schneizel logged in 127.0.0.1
[06-02 08:30:37]: [INFO:FINE] shubhugamer logged in 127.0.0.1
[06-02 08:33:45]: [INFO:FINE] Victor_Schneizel logged in 127.0.0.1
[06-02 09:06:59]: [INFO:FINE] Victor_Schneizel logged in 127.0.0.1
[06-02 09:33:21]: [INFO] SQLite Setup finished
[06-02 09:33:21]: [INFO] No supported permissions system found! Permissions are disabled!
[06-02 09:33:21]: [INFO] 
    ___         __  __    __  ___   
   /   | __  __/ /_/ /_  /  |/  /__ 
  / /| |/ / / / __/ __ \/ /|_/ / _ \
 / ___ / /_/ / /_/ / / / /  / /  __/
/_/  |_\__,_/\__/_/ /_/_/  /_/\___/ 
                                    
[06-02 09:33:21]: [INFO] AuthMeReReloaded is running on Paper
[06-02 09:33:21]: [INFO] AuthMeReReloaded is enabled successfully!
[06-02 09:33:21]: [INFO] GitHub: https://github.com/HaHaWTH/AuthMeReReloaded/
[06-02 09:33:21]: [INFO] Checking for updates...
[06-02 09:33:22]: [INFO] You are running the latest version.
[06-02 09:33:27]: [INFO:FINE] Victor_Schneizel logged in 127.0.0.1
[06-02 09:33:39]: [INFO:FINE] shubhugamer logged in 127.0.0.1
[06-02 09:59:40]: [INFO] AuthMe 5.7.0-FORK-b53 is unloaded successfully!
[06-03 07:39:48]: [INFO] SQLite Setup finished
[06-03 07:39:49]: [INFO] No supported permissions system found! Permissions are disabled!
[06-03 07:39:49]: [INFO] 
    ___         __  __    __  ___   
   /   | __  __/ /_/ /_  /  |/  /__ 
  / /| |/ / / / __/ __ \/ /|_/ / _ \
 / ___ / /_/ / /_/ / / / /  / /  __/
/_/  |_\__,_/\__/_/ /_/_/  /_/\___/ 
                                    
[06-03 07:39:49]: [INFO] AuthMeReReloaded is running on Paper
[06-03 07:39:49]: [INFO] AuthMeReReloaded is enabled successfully!
[06-03 07:39:49]: [INFO] GitHub: https://github.com/HaHaWTH/AuthMeReReloaded/
[06-03 07:39:49]: [INFO] Checking for updates...
[06-03 07:39:51]: [INFO] You are running the latest version.
[06-03 07:41:02]: [INFO:FINE] shubhugamer logged in 127.0.0.1
[06-03 07:43:39]: [INFO:FINE] shubhugamer logged in 127.0.0.1
[06-03 07:47:08]: [INFO] AuthMe 5.7.0-FORK-b53 is unloaded successfully!
[06-03 07:50:01]: [INFO] SQLite Setup finished
[06-03 07:50:02]: [INFO] No supported permissions system found! Permissions are disabled!
[06-03 07:50:02]: [INFO] 
    ___         __  __    __  ___   
   /   | __  __/ /_/ /_  /  |/  /__ 
  / /| |/ / / / __/ __ \/ /|_/ / _ \
 / ___ / /_/ / /_/ / / / /  / /  __/
/_/  |_\__,_/\__/_/ /_/_/  /_/\___/ 
                                    
[06-03 07:50:02]: [INFO] AuthMeReReloaded is running on Paper
[06-03 07:50:02]: [INFO] AuthMeReReloaded is enabled successfully!
[06-03 07:50:02]: [INFO] GitHub: https://github.com/HaHaWTH/AuthMeReReloaded/
[06-03 07:50:02]: [INFO] Checking for updates...
[06-03 07:50:04]: [INFO] You are running the latest version.
[06-03 07:50:40]: [INFO:FINE] shubhugamer logged in 127.0.0.1
[06-03 07:51:43]: [INFO:FINE] Victor_Schneizel logged in 127.0.0.1
[06-03 08:04:58]: [INFO:FINE] shubhugamer logged in 127.0.0.1
[06-03 09:13:41]: [INFO:FINE] shubhugamer logged in 127.0.0.1
[06-03 09:51:25]: [INFO:FINE] shubhugamer logged in 127.0.0.1
[06-03 09:51:46]: [INFO:FINE] Victor_Schneizel logged in 127.0.0.1
[06-03 10:18:33]: [INFO] SQLite Setup finished
[06-03 10:18:33]: [INFO] No supported permissions system found! Permissions are disabled!
[06-03 10:18:34]: [INFO] 
    ___         __  __    __  ___   
   /   | __  __/ /_/ /_  /  |/  /__ 
  / /| |/ / / / __/ __ \/ /|_/ / _ \
 / ___ / /_/ / /_/ / / / /  / /  __/
/_/  |_\__,_/\__/_/ /_/_/  /_/\___/ 
                                    
[06-03 10:18:34]: [INFO] AuthMeReReloaded is running on Paper
[06-03 10:18:34]: [INFO] AuthMeReReloaded is enabled successfully!
[06-03 10:18:34]: [INFO] GitHub: https://github.com/HaHaWTH/AuthMeReReloaded/
[06-03 10:18:34]: [INFO] Checking for updates...
[06-03 10:18:36]: [INFO] You are running the latest version.
[06-03 10:19:38]: [INFO] AuthMe 5.7.0-FORK-b53 is unloaded successfully!
[06-03 10:21:43]: [INFO] SQLite Setup finished
[06-03 10:21:43]: [INFO] No supported permissions system found! Permissions are disabled!
[06-03 10:21:44]: [INFO] 
    ___         __  __    __  ___   
   /   | __  __/ /_/ /_  /  |/  /__ 
  / /| |/ / / / __/ __ \/ /|_/ / _ \
 / ___ / /_/ / /_/ / / / /  / /  __/
/_/  |_\__,_/\__/_/ /_/_/  /_/\___/ 
                                    
[06-03 10:21:44]: [INFO] AuthMeReReloaded is running on Paper
[06-03 10:21:44]: [INFO] AuthMeReReloaded is enabled successfully!
[06-03 10:21:44]: [INFO] GitHub: https://github.com/HaHaWTH/AuthMeReReloaded/
[06-03 10:21:44]: [INFO] Checking for updates...
[06-03 10:21:45]: [INFO] You are running the latest version.
[06-03 10:21:53]: [INFO:FINE] shubhugamer logged in 127.0.0.1
[06-03 10:40:13]: [INFO] AuthMe 5.7.0-FORK-b53 is unloaded successfully!
[06-05 07:24:24]: [INFO] SQLite Setup finished
[06-05 07:24:24]: [INFO] No supported permissions system found! Permissions are disabled!
[06-05 07:24:24]: [INFO] 
    ___         __  __    __  ___   
   /   | __  __/ /_/ /_  /  |/  /__ 
  / /| |/ / / / __/ __ \/ /|_/ / _ \
 / ___ / /_/ / /_/ / / / /  / /  __/
/_/  |_\__,_/\__/_/ /_/_/  /_/\___/ 
                                    
[06-05 07:24:24]: [INFO] AuthMeReReloaded is running on Paper
[06-05 07:24:24]: [INFO] AuthMeReReloaded is enabled successfully!
[06-05 07:24:24]: [INFO] GitHub: https://github.com/HaHaWTH/AuthMeReReloaded/
[06-05 07:24:24]: [INFO] Checking for updates...
[06-05 07:24:27]: [INFO] You are running the latest version.
[06-05 07:24:44]: [INFO:FINE] shubhugamer logged in 127.0.0.1
[06-05 07:25:30]: [INFO:FINE] shubhugamer logged in 127.0.0.1
[06-05 07:27:15]: [INFO:FINE] Victor_Schneizel logged in 127.0.0.1
[06-05 08:17:23]: [INFO:FINE] Victor_Schneizel logged in 127.0.0.1
[06-05 08:20:35]: [INFO:FINE] shubhugamer logged in 127.0.0.1
[06-05 08:53:20]: [INFO:FINE] shubhugamer logged in 127.0.0.1
[06-05 10:07:35]: [INFO:FINE] shubhugamer logged in 127.0.0.1
[06-05 10:19:59]: [INFO] AuthMe 5.7.0-FORK-b53 is unloaded successfully!
[06-05 10:20:47]: [INFO] SQLite Setup finished
[06-05 10:20:47]: [INFO] No supported permissions system found! Permissions are disabled!
[06-05 10:20:47]: [INFO] 
    ___         __  __    __  ___   
   /   | __  __/ /_/ /_  /  |/  /__ 
  / /| |/ / / / __/ __ \/ /|_/ / _ \
 / ___ / /_/ / /_/ / / / /  / /  __/
/_/  |_\__,_/\__/_/ /_/_/  /_/\___/ 
                                    
[06-05 10:20:47]: [INFO] AuthMeReReloaded is running on Paper
[06-05 10:20:47]: [INFO] AuthMeReReloaded is enabled successfully!
[06-05 10:20:47]: [INFO] GitHub: https://github.com/HaHaWTH/AuthMeReReloaded/
[06-05 10:20:47]: [INFO] Checking for updates...
[06-05 10:20:48]: [INFO] You are running the latest version.
[06-05 10:21:36]: [INFO:FINE] shubhugamer logged in 127.0.0.1
[06-05 10:21:48]: [INFO:FINE] Victor_Schneizel logged in 127.0.0.1
[06-05 10:24:18]: [INFO] AuthMe 5.7.0-FORK-b53 is unloaded successfully!
[06-05 10:25:33]: [INFO] SQLite Setup finished
[06-05 10:25:33]: [INFO] No supported permissions system found! Permissions are disabled!
[06-05 10:25:33]: [INFO] 
    ___         __  __    __  ___   
   /   | __  __/ /_/ /_  /  |/  /__ 
  / /| |/ / / / __/ __ \/ /|_/ / _ \
 / ___ / /_/ / /_/ / / / /  / /  __/
/_/  |_\__,_/\__/_/ /_/_/  /_/\___/ 
                                    
[06-05 10:25:33]: [INFO] AuthMeReReloaded is running on Paper
[06-05 10:25:33]: [INFO] AuthMeReReloaded is enabled successfully!
[06-05 10:25:33]: [INFO] GitHub: https://github.com/HaHaWTH/AuthMeReReloaded/
[06-05 10:25:33]: [INFO] Checking for updates...
[06-05 10:25:35]: [INFO] You are running the latest version.
[06-05 10:25:54]: [INFO] AuthMe 5.7.0-FORK-b53 is unloaded successfully!
[06-05 10:26:23]: [INFO] SQLite Setup finished
[06-05 10:26:23]: [INFO] No supported permissions system found! Permissions are disabled!
[06-05 10:26:23]: [INFO] 
    ___         __  __    __  ___   
   /   | __  __/ /_/ /_  /  |/  /__ 
  / /| |/ / / / __/ __ \/ /|_/ / _ \
 / ___ / /_/ / /_/ / / / /  / /  __/
/_/  |_\__,_/\__/_/ /_/_/  /_/\___/ 
                                    
[06-05 10:26:23]: [INFO] AuthMeReReloaded is running on Paper
[06-05 10:26:23]: [INFO] AuthMeReReloaded is enabled successfully!
[06-05 10:26:23]: [INFO] GitHub: https://github.com/HaHaWTH/AuthMeReReloaded/
[06-05 10:26:23]: [INFO] Checking for updates...
[06-05 10:26:24]: [INFO] You are running the latest version.
[06-05 10:26:37]: [INFO:FINE] shubhugamer logged in 127.0.0.1
[06-05 10:27:22]: [INFO] AuthMe 5.7.0-FORK-b53 is unloaded successfully!
[06-05 10:28:46]: [INFO] SQLite Setup finished
[06-05 10:28:46]: [INFO] No supported permissions system found! Permissions are disabled!
[06-05 10:28:46]: [INFO] 
    ___         __  __    __  ___   
   /   | __  __/ /_/ /_  /  |/  /__ 
  / /| |/ / / / __/ __ \/ /|_/ / _ \
 / ___ / /_/ / /_/ / / / /  / /  __/
/_/  |_\__,_/\__/_/ /_/_/  /_/\___/ 
                                    
[06-05 10:28:46]: [INFO] AuthMeReReloaded is running on Paper
[06-05 10:28:46]: [INFO] AuthMeReReloaded is enabled successfully!
[06-05 10:28:46]: [INFO] GitHub: https://github.com/HaHaWTH/AuthMeReReloaded/
[06-05 10:28:46]: [INFO] Checking for updates...
[06-05 10:28:47]: [INFO] You are running the latest version.
[06-05 10:29:31]: [INFO] AuthMe 5.7.0-FORK-b53 is unloaded successfully!
[06-05 11:32:48]: [INFO] SQLite Setup finished
[06-05 11:32:48]: [INFO] No supported permissions system found! Permissions are disabled!
[06-05 11:32:48]: [INFO] Added 72 missing keys to your messages_xx.yml file: [email.confirm_code_sent, email.usage_email_confirm, email.confirm_wrong_code, email.confirm_code_expired, email.confirm_success, dialog.login.title, dialog.login.body, dialog.login.password, dialog.login.button, dialog.login.recovery_email, dialog.login.recovery_button, dialog.register.title, dialog.register.body, dialog.register.password, dialog.register.confirm_password, dialog.register.email, dialog.register.confirm_email, dialog.register.button, dialog.two_factor.title, dialog.two_factor.body, dialog.two_factor.code, dialog.two_factor.button, dialog.recovery.title, dialog.recovery.body, dialog.recovery.email, dialog.recovery.button, dialog.button.cancel, command.player_only, command.player_only_alternative, command.failed_to_parse, command.unknown, command.incorrect_arguments, command.did_you_mean, command.see_help, command.detailed_help, admin.antibot.status, admin.antibot.override_enabled, admin.antibot.override_disabled, admin.antibot.invalid_mode, admin.force_login.player_offline, admin.force_login.forbidden, admin.force_login.success, admin.accounts.ip_not_found, admin.accounts.single_account, admin.accounts.no_last_ip, admin.email_show, admin.reload.db_type_change, admin.reload.error, admin.spawn.set_success, admin.spawn.set_fail, admin.spawn.first_set_success, admin.spawn.first_set_fail, admin.spawn.not_defined, admin.spawn.first_not_defined, premium.feature_disabled, premium.account_not_found, premium.already_enabled, premium.enable_success, premium.not_enabled, premium.disable_success, premium.error, premium.pending_kick, premium.pending_fail, premium.admin.not_registered, premium.admin.already_enabled, premium.admin.account_not_found, premium.admin.enable_success, premium.admin.not_enabled, premium.admin.disable_success, premium.admin.impostor_kicked, premium.admin.kick_reason, premium.admin.pending]
[06-05 11:32:49]: [INFO] [LICENSE] This product includes GeoLite2 data created by MaxMind, available at https://www.maxmind.com
[06-05 11:32:49]: [INFO] AuthMe 6.0.0 build n.2734 successfully enabled!
[06-05 11:33:22]: [FINE] test1 registered 127.0.0.1
[06-05 11:33:22]: [FINE] test1 logged in 127.0.0.1
[06-05 11:35:55]: [INFO] AuthMe 6.0.0-b2734 disabled!
[06-05 11:38:49]: [INFO] SQLite Setup finished
[06-05 11:38:49]: [INFO] No supported permissions system found! Permissions are disabled!
[06-05 11:38:49]: [INFO] [LICENSE] This product includes GeoLite2 data created by MaxMind, available at https://www.maxmind.com
[06-05 11:38:49]: [INFO] AuthMe 6.0.0 build n.2734 successfully enabled!
[06-05 11:39:57]: [FINE] test2 registered 127.0.0.1
[06-05 11:39:57]: [FINE] test2 logged in 127.0.0.1
[06-05 11:42:21]: [FINE] test3 registered 127.0.0.1
[06-05 11:42:21]: [FINE] test3 logged in 127.0.0.1
[06-06 08:01:05]: [INFO] SQLite Setup finished
[06-06 08:01:05]: [INFO] No supported permissions system found! Permissions are disabled!
[06-06 08:01:05]: [INFO] [LICENSE] This product includes GeoLite2 data created by MaxMind, available at https://www.maxmind.com
[06-06 08:01:05]: [INFO] AuthMe 6.0.0 build n.2734 successfully enabled!
[06-06 08:01:41]: [FINE] Victor_Schneizel logged in 127.0.0.1
[06-06 08:01:55]: [FINE] shubhugamer logged in 127.0.0.1
[06-06 08:55:13]: [FINE] Victor_Schneizel logged in 127.0.0.1
[06-06 08:56:23]: [FINE] Victor_Schneizel logged in 127.0.0.1
[06-06 08:57:21]: [FINE] Victor_Schneizel logged in 127.0.0.1
[06-06 08:57:37]: [INFO] AuthMe 6.0.0-b2734 disabled!
[06-06 08:58:08]: [INFO] SQLite Setup finished
[06-06 08:58:08]: [INFO] No supported permissions system found! Permissions are disabled!
[06-06 08:58:08]: [INFO] [LICENSE] This product includes GeoLite2 data created by MaxMind, available at https://www.maxmind.com
[06-06 08:58:08]: [INFO] AuthMe 6.0.0 build n.2734 successfully enabled!
[06-06 08:58:40]: [FINE] Victor_Schneizel logged in 127.0.0.1
[06-06 08:59:31]: [FINE] shubhugamer logged in 127.0.0.1
[06-06 08:59:46]: [FINE] Victor_Schneizel logged in 127.0.0.1
[06-06 09:01:26]: [FINE] Victor_Schneizel logged in 127.0.0.1
[06-06 09:01:42]: [INFO] AuthMe 6.0.0-b2734 disabled!
[06-06 09:02:07]: [INFO] SQLite Setup finished
[06-06 09:02:07]: [INFO] No supported permissions system found! Permissions are disabled!
[06-06 09:02:07]: [INFO] [LICENSE] This product includes GeoLite2 data created by MaxMind, available at https://www.maxmind.com
[06-06 09:02:07]: [INFO] AuthMe 6.0.0 build n.2734 successfully enabled!
[06-06 09:02:26]: [FINE] shubhugamer logged in 127.0.0.1
[06-06 09:03:21]: [FINE] Victor_Schneizel logged in 127.0.0.1
[06-06 09:03:40]: [FINE] shubhugamer logged in 127.0.0.1
[06-06 09:04:53]: [INFO] AuthMe 6.0.0-b2734 disabled!
[06-06 10:43:40]: [INFO] SQLite Setup finished
[06-06 10:43:40]: [INFO] No supported permissions system found! Permissions are disabled!
[06-06 10:43:41]: [INFO] [LICENSE] This product includes GeoLite2 data created by MaxMind, available at https://www.maxmind.com
[06-06 10:43:41]: [INFO] AuthMe 6.0.0 build n.2734 successfully enabled!
[06-06 10:56:49]: [INFO] AuthMe 6.0.0-b2734 disabled!
[06-06 11:05:10]: [INFO] SQLite Setup finished
[06-06 11:05:10]: [INFO] No supported permissions system found! Permissions are disabled!
[06-06 11:05:10]: [INFO] [LICENSE] This product includes GeoLite2 data created by MaxMind, available at https://www.maxmind.com
[06-06 11:05:11]: [INFO] AuthMe 6.0.0 build n.2734 successfully enabled!
[06-06 11:06:10]: [INFO] AuthMe 6.0.0-b2734 disabled!
[06-07 06:13:16]: [INFO] SQLite Setup finished
[06-07 06:13:17]: [INFO] No supported permissions system found! Permissions are disabled!
[06-07 06:13:17]: [INFO] [LICENSE] This product includes GeoLite2 data created by MaxMind, available at https://www.maxmind.com
[06-07 06:13:18]: [INFO] AuthMe 6.0.0 build n.2734 successfully enabled!
[06-07 06:14:30]: [FINE] shubhugamer logged in 127.0.0.1
[06-07 06:15:51]: [FINE] Victor_Schneizel logged in 127.0.0.1
[06-07 07:20:53]: [INFO] AuthMe 6.0.0-b2734 disabled!
[06-08 07:08:00]: [INFO] SQLite Setup finished
[06-08 07:08:00]: [INFO] No supported permissions system found! Permissions are disabled!
[06-08 07:08:01]: [INFO] [LICENSE] This product includes GeoLite2 data created by MaxMind, available at https://www.maxmind.com
[06-08 07:08:01]: [INFO] AuthMe 6.0.0 build n.2734 successfully enabled!
[06-08 07:08:19]: [FINE] shubhugamer logged in 127.0.0.1
[06-08 07:09:59]: [FINE] Victor_Schneizel logged in 127.0.0.1
[06-08 07:15:34]: [FINE] shubhugamer logged in 127.0.0.1
[06-08 07:22:15]: [FINE] shubhugamer logged in 127.0.0.1
[06-08 09:08:43]: [FINE] Victor_Schneizel logged in 127.0.0.1
[06-08 09:32:28]: [INFO] AuthMe 6.0.0-b2734 disabled!
[06-09 08:48:47]: [INFO] SQLite Setup finished
[06-09 08:48:47]: [INFO] No supported permissions system found! Permissions are disabled!
[06-09 08:48:47]: [INFO] [LICENSE] This product includes GeoLite2 data created by MaxMind, available at https://www.maxmind.com
[06-09 08:48:47]: [INFO] AuthMe 6.0.0 build n.2734 successfully enabled!
[06-09 08:49:54]: [FINE] shubhugamer logged in 127.0.0.1
[06-09 08:50:58]: [FINE] Victor_Schneizel logged in 127.0.0.1
[06-09 10:14:12]: [FINE] Victor_Schneizel logged in 127.0.0.1
[06-09 10:16:32]: [INFO] AuthMe 6.0.0-b2734 disabled!
[06-10 06:09:01]: [INFO] SQLite Setup finished
[06-10 06:09:01]: [INFO] No supported permissions system found! Permissions are disabled!
[06-10 06:09:01]: [INFO] [LICENSE] This product includes GeoLite2 data created by MaxMind, available at https://www.maxmind.com
[06-10 06:09:02]: [INFO] AuthMe 6.0.0 build n.2734 successfully enabled!
[06-10 06:09:38]: [FINE] shubhugamer logged in 127.0.0.1
[06-10 07:17:19]: [INFO] AuthMe 6.0.0-b2734 disabled!
[06-10 08:35:37]: [INFO] SQLite Setup finished
[06-10 08:35:37]: [INFO] No supported permissions system found! Permissions are disabled!
[06-10 08:35:37]: [INFO] [LICENSE] This product includes GeoLite2 data created by MaxMind, available at https://www.maxmind.com
[06-10 08:35:37]: [INFO] AuthMe 6.0.0 build n.2734 successfully enabled!
[06-10 08:36:22]: [FINE] shubhugamer logged in 127.0.0.1
[06-10 08:37:02]: [FINE] Victor_Schneizel logged in 127.0.0.1
[06-10 10:44:27]: [INFO] AuthMe 6.0.0-b2734 disabled!
[06-12 07:53:22]: [INFO] SQLite Setup finished
[06-12 07:53:22]: [INFO] No supported permissions system found! Permissions are disabled!
[06-12 07:53:22]: [INFO] [LICENSE] This product includes GeoLite2 data created by MaxMind, available at https://www.maxmind.com
[06-12 07:53:22]: [INFO] AuthMe 6.0.0 build n.2734 successfully enabled!
[06-12 07:53:51]: [FINE] shubhugamer logged in 127.0.0.1
[06-12 07:54:41]: [FINE] Victor_Schneizel logged in 127.0.0.1
[06-12 07:57:00]: [FINE] Victor_Schneizel logged in 127.0.0.1
[06-12 08:05:09]: [FINE] Victor_Schneizel logged in 127.0.0.1
[06-12 08:25:58]: [FINE] shubhugamer logged in 127.0.0.1
[06-12 08:27:22]: [FINE] shubhugamer logged in 127.0.0.1
[06-12 08:53:24]: [FINE] Victor_Schneizel logged in 127.0.0.1
[06-12 09:03:27]: [FINE] Victor_Schneizel logged in 127.0.0.1
[06-12 09:15:08]: [INFO] AuthMe 6.0.0-b2734 disabled!
